<?xml version="1.0" encoding="UTF-8"?>
<!-- Generated by org.testng.reporters.JUnitReportReporter -->
<testsuite hostname="LTIN234790" failures="0" tests="3" name="TestCases.TC_002_ItemsUnderLiving" time="-1717587712.000" errors="1" timestamp="2024-06-05T17:11:08 IST" skipped="2">
  <testcase classname="TestCases.TC_002_ItemsUnderLiving" name="setUp" time="-1717587712.000">
    <error message="
Parameter &#039;os&#039; is required by BeforeTest on method setUp but has not been marked @Optional or defined
in C:\Users\2332892\AppData\Local\Temp\testng-eclipse--716732898\testng-customsuite.xml" type="org.testng.TestNGException">
      <![CDATA[org.testng.TestNGException: 
Parameter 'os' is required by BeforeTest on method setUp but has not been marked @Optional or defined
in C:\Users\2332892\AppData\Local\Temp\testng-eclipse--716732898\testng-customsuite.xml
at org.testng.internal.Parameters.createParams(Parameters.java:267)
at org.testng.internal.Parameters.createParametersForMethod(Parameters.java:355)
at org.testng.internal.Parameters.createParameters(Parameters.java:684)
at org.testng.internal.Parameters.createConfigurationParameters(Parameters.java:166)
at org.testng.internal.invokers.ConfigInvoker.invokeConfigurations(ConfigInvoker.java:306)
at org.testng.TestRunner.invokeTestConfigurations(TestRunner.java:663)
at org.testng.TestRunner.beforeRun(TestRunner.java:652)
at org.testng.TestRunner.run(TestRunner.java:614)
at org.testng.SuiteRunner.runTest(SuiteRunner.java:443)
at org.testng.SuiteRunner.runSequentially(SuiteRunner.java:437)
at org.testng.SuiteRunner.privateRun(SuiteRunner.java:397)
at org.testng.SuiteRunner.run(SuiteRunner.java:336)
at org.testng.SuiteRunnerWorker.runSuite(SuiteRunnerWorker.java:52)
at org.testng.SuiteRunnerWorker.run(SuiteRunnerWorker.java:95)
at org.testng.TestNG.runSuitesSequentially(TestNG.java:1280)
at org.testng.TestNG.runSuitesLocally(TestNG.java:1200)
at org.testng.TestNG.runSuites(TestNG.java:1114)
at org.testng.TestNG.run(TestNG.java:1082)
at org.testng.remote.AbstractRemoteTestNG.run(AbstractRemoteTestNG.java:115)
at org.testng.remote.RemoteTestNG.initAndRun(RemoteTestNG.java:293)
at org.testng.remote.RemoteTestNG.main(RemoteTestNG.java:91)
]]>
    </error>
  </testcase> <!-- setUp -->
  <testcase classname="TestCases.TC_002_ItemsUnderLiving" name="searchbookshelves" time="0.000">
    <skipped/>
  </testcase> <!-- searchbookshelves -->
  <testcase classname="TestCases.TC_002_ItemsUnderLiving" name="Items" time="0.000">
    <skipped/>
  </testcase> <!-- Items -->
</testsuite> <!-- TestCases.TC_002_ItemsUnderLiving -->
